proguard/mapping.txt
com.rj.pixelesque.ArtListActivity -> com.rj.pixelesque.ArtListActivity:
    void onCreate(android.os.Bundle) -> onCreate
    void onArtItemSelected(com.rj.pixelesque.ArtListFragment$ArtElement) -> a
com.rj.pixelesque.ArtListFragment -> com.rj.pixelesque.w:
    android.widget.GridView gridview -> J
    com.rj.pixelesque.ArtListFragment$ArtAdapter adapter -> a
    com.rj.pixelesque.ArtListFragment$ArtItemSelectedListener listener -> b
    android.view.View onCreateView$469ccb8a(android.view.LayoutInflater) -> a
    void onStart() -> a
com.rj.pixelesque.ArtListFragment$1 -> com.rj.pixelesque.aq:
    com.rj.pixelesque.ArtListFragment this$0 -> a
    void onItemClick(android.widget.AdapterView,android.view.View,int,long) -> onItemClick
com.rj.pixelesque.ArtListFragment$ArtAdapter -> com.rj.pixelesque.h:
    com.rj.pixelesque.ArtListFragment this$0 -> a
    void addAll(java.util.Collection) -> addAll
    android.view.View getView(int,android.view.View,android.view.ViewGroup) -> getView
com.rj.pixelesque.ArtListFragment$ArtElement -> com.rj.pixelesque.ag:
    java.io.File image -> a
    java.lang.String name -> b
com.rj.pixelesque.ArtListFragment$ArtItemSelectedListener -> com.rj.pixelesque.ao:
    void onArtItemSelected(com.rj.pixelesque.ArtListFragment$ArtElement) -> a
com.rj.pixelesque.ArtListFragment$ImageListLoader -> com.rj.pixelesque.av:
    com.rj.pixelesque.ArtListFragment this$0 -> a
    java.util.ArrayList doInBackground$6b117e64() -> a
    void onPostExecute(java.lang.Object) -> onPostExecute
    java.lang.Object doInBackground(java.lang.Object[]) -> doInBackground
com.rj.pixelesque.Dialogs -> com.rj.pixelesque.n:
    int[] getResize(int,int,int) -> a
com.rj.pixelesque.Dialogs$1 -> com.rj.pixelesque.ad:
    com.rj.pixelesque.NumberPicker val$pickerx -> a
    com.rj.pixelesque.NumberPicker val$pickery -> b
    com.rj.pixelesque.PixelArtEditor val$p -> c
    void onClick(android.content.DialogInterface,int) -> onClick
com.rj.pixelesque.Dialogs$10 -> com.rj.pixelesque.ai:
    com.rj.pixelesque.NumberPicker val$pickerx -> a
    com.rj.pixelesque.NumberPicker val$pickery -> b
    com.rj.pixelesque.PixelArtEditor val$p -> c
    void onClick(android.content.DialogInterface,int) -> onClick
com.rj.pixelesque.Dialogs$11 -> com.rj.pixelesque.ae:
    void onClick(android.content.DialogInterface,int) -> onClick
com.rj.pixelesque.Dialogs$12 -> com.rj.pixelesque.al:
    com.rj.pixelesque.PixelArtEditor val$p -> a
    void onClick(android.content.DialogInterface,int) -> onClick
com.rj.pixelesque.Dialogs$13 -> com.rj.pixelesque.am:
    void onClick(android.content.DialogInterface,int) -> onClick
com.rj.pixelesque.Dialogs$2 -> com.rj.pixelesque.u:
    void onClick(android.content.DialogInterface,int) -> onClick
com.rj.pixelesque.Dialogs$3 -> com.rj.pixelesque.bd:
    com.rj.pixelesque.PixelArtEditor val$p -> a
    android.widget.EditText val$edit -> b
    void onClick(android.content.DialogInterface,int) -> onClick
com.rj.pixelesque.Dialogs$4 -> com.rj.pixelesque.bf:
    void onClick(android.content.DialogInterface,int) -> onClick
com.rj.pixelesque.Dialogs$5 -> com.rj.pixelesque.i:
    com.rj.pixelesque.PixelArtEditor val$p -> a
    void onClick(android.content.DialogInterface,int) -> onClick
com.rj.pixelesque.Dialogs$6 -> com.rj.pixelesque.bi:
    com.rj.pixelesque.PixelArtEditor val$p -> a
    void onClick(android.content.DialogInterface,int) -> onClick
com.rj.pixelesque.Dialogs$7 -> com.rj.pixelesque.e:
    void onClick(android.content.DialogInterface,int) -> onClick
com.rj.pixelesque.Dialogs$8 -> com.rj.pixelesque.a:
    com.rj.pixelesque.PixelArtEditor val$p -> a
    com.rj.pixelesque.NumberPicker val$pickery -> b
    void onChanged$38018574(int) -> a
com.rj.pixelesque.Dialogs$9 -> com.rj.pixelesque.m:
    com.rj.pixelesque.PixelArtEditor val$p -> a
    com.rj.pixelesque.NumberPicker val$pickerx -> b
    void onChanged$38018574(int) -> a
com.rj.pixelesque.Drawer -> com.rj.pixelesque.bh:
    void scheduleRedraw() -> i
...
android.support.v4.view.ViewConfigurationCompat$ViewConfigurationVersionImpl -> android.support.v4.view.f:
    int getScaledPagingTouchSlop(android.view.ViewConfiguration) -> a
android.support.v4.view.ViewPager -> android.support.v4.view.ViewPager:
    java.util.ArrayList mItems -> a
    android.support.v4.view.PagerAdapter mAdapter -> b
    int mCurItem -> c
    int mRestoredCurItem -> d
    android.os.Parcelable mRestoredAdapterState -> e
    java.lang.ClassLoader mRestoredClassLoader -> f
    android.widget.Scroller mScroller -> g
    int mChildWidthMeasureSpec -> h
    int mChildHeightMeasureSpec -> i
    boolean mInLayout -> j
    boolean mScrollingCacheEnabled -> k
    boolean mPopulatePending -> l
    boolean mScrolling -> m
    boolean mIsBeingDragged -> n
    boolean mIsUnableToDrag -> o
    int mTouchSlop -> p
    float mInitialMotionX -> q
    float mLastMotionX -> r
    float mLastMotionY -> s
    int mActivePointerId -> t
    android.view.VelocityTracker mVelocityTracker -> u
    int mMinimumVelocity -> v
    int mMaximumVelocity -> w
    android.support.v4.view.ViewPager$OnPageChangeListener mOnPageChangeListener -> x
    int mScrollState -> y
    void setScrollState(int) -> a
    void setCurrentItemInternal$4870cd2e(int,boolean) -> a
    void addNewItem(int,int) -> a
    void populate() -> a
    android.os.Parcelable onSaveInstanceState() -> onSaveInstanceState
    void onRestoreInstanceState(android.os.Parcelable) -> onRestoreInstanceState
    void addView(android.view.View,int,android.view.ViewGroup$LayoutParams) -> addView
    void onAttachedToWindow() -> onAttachedToWindow
    void onMeasure(int,int) -> onMeasure
android.support.v4.view.ViewPager$ItemInfo -> android.support.v4.view.j:
    java.lang.Object object -> a
    int position -> b
    boolean scrolling -> c
android.support.v4.view.ViewPager$OnPageChangeListener -> android.support.v4.view.n:
android.support.v4.view.ViewPager$SavedState -> android.support.v4.view.ViewPager$SavedState:
    int position -> a
    android.os.Parcelable adapterState -> b
    java.lang.ClassLoader loader -> c
    android.os.Parcelable$Creator CREATOR -> CREATOR
    void writeToParcel(android.os.Parcel,int) -> writeToParcel
    java.lang.String toString() -> toString
android.support.v4.view.ViewPager$SavedState$1 -> android.support.v4.view.k:
    java.lang.Object[] newArray(int) -> a
    java.lang.Object createFromParcel$58b95460(android.os.Parcel) -> a
com.rj.processing.mt.Cursor -> com.rj.a.a.b:
    com.rj.processing.mt.Point firstPoint -> a
    java.util.ArrayList points -> b
    com.rj.processing.mt.Point currentPoint -> c
    int curId -> d
    float velX -> e
    float velY -> f
com.rj.processing.mt.MTManager -> com.rj.a.a.c:
    java.util.ArrayList points -> b
    java.util.ArrayList cursors -> a
    java.util.ArrayList listeners -> c
    void addTouchListener(com.rj.processing.mt.TouchListener) -> a
    void fireTouchDown$1e7df18c(com.rj.processing.mt.Cursor) -> a
    void fireTouchMoved$1e7df18c(com.rj.processing.mt.Cursor) -> b
    void fireTouchUp$1e7df18c(com.rj.processing.mt.Cursor) -> c
    void fireTouchAllUp$1e7df18c$5bb818bf() -> a
com.rj.processing.mt.Point -> com.rj.a.a.d:
    float x -> a
    float y -> b
    long time -> c
com.rj.processing.mt.TouchListener -> com.rj.a.a.a:
    void touchDown(com.rj.processing.mt.Cursor) -> a
    void touchUp(com.rj.processing.mt.Cursor) -> b
    void touchMoved(com.rj.processing.mt.Cursor) -> c
    void touchAllUp$5bb818bf() -> a