proguard/usage.txt
com.rj.pixelesque.ArtListActivity:
    public static final java.lang.String PATH
com.rj.pixelesque.BrushSelectorView
com.rj.pixelesque.ColorPickerDialog
com.rj.pixelesque.ColorPickerDialog$1
com.rj.pixelesque.ColorPickerDialog$ColorPickerView
com.rj.pixelesque.ColorPickerDialog$OnColorChangedListener
com.rj.pixelesque.Drawer:
    public abstract void scheduleUIRedraw()
com.rj.pixelesque.History:
    public static final int MAX_HISTORY
com.rj.pixelesque.IntArrayList
com.rj.pixelesque.NumberPicker:
    private static final java.lang.String TAG
    private static final int DEFAULT_MAX
    private static final int DEFAULT_MIN
    165:166:public void setFormatter(com.rj.pixelesque.NumberPicker$Formatter)
    192:197:public void setRange(int,int,java.lang.String[])
    209:210:public void setSpeed(long)
com.rj.pixelesque.PixelArt:
    public static final int MAX_BACKSTACK
    42:52:public PixelArt(processing.core.PImage,java.lang.String)
    336:336:public void startCalculatingBrush()
    340:340:public void stopCalculatingBrush()
com.rj.pixelesque.PixelArtEditor:
    private static final boolean DEBUG
    public static final int EXPORT_SMALL_LONGSIDE
    public static final int EXPORT_MEDIUM_LONGSIDE
    public static final int EXPORT_LARGE_LONGSIDE
    public static final int SHARE_MEDIUM_LONGSIDE
    public static final int LOAD_ACTIVITY
    public static final int COLOR_ACTIVITY
    624:625:public void export(int)
com.rj.pixelesque.PixelArtState:
    public static final int PENCIL
    public static final int ERASER
    public static final int LINE
    public static final int RECTANGLE
    public static final int RECTANGLE_FILL
    public static final int CIRCLE
    public static final int CIRCLE_FILL
    public static final int BUCKET
    public static final int DRAW
com.rj.pixelesque.R
com.rj.pixelesque.R$attr
com.rj.pixelesque.R$color
com.rj.pixelesque.R$drawable
com.rj.pixelesque.R$id
com.rj.pixelesque.R$layout
com.rj.pixelesque.R$menu
com.rj.pixelesque.R$string
com.rj.pixelesque.R$style
com.rj.pixelesque.StorageUtils:
    public static final java.lang.String PREFS_NAME
    public static final java.lang.String RECENTLY_OPENED
...
com.rj.processing.mt.R$layout
com.rj.processing.mt.R$menu
com.rj.processing.mt.R$string
com.rj.processing.mt.R$style
de.devmil.common.ui.color.ColorSelectorActivity:
    public static final java.lang.String COLOR
    public static final java.lang.String RESULT_COLOR
    public static final java.lang.String SIDE
    public static final java.lang.String OFFSET
    public static final int BOTTOM
    public static final int RIGHT
    public static final int TOP
    public static final int LEFT
    public static final int CENTER
    151:152:public void setColor(int)
de.devmil.common.ui.color.ColorSelectorDialog
de.devmil.common.ui.color.ColorSelectorDialog$1
de.devmil.common.ui.color.ColorSelectorDialog$2
de.devmil.common.ui.color.ColorSelectorDialog$3
de.devmil.common.ui.color.ColorSelectorDialog$4
de.devmil.common.ui.color.ColorSelectorDialog$OnColorChangedListener
de.devmil.common.ui.color.ColorSelectorView:
    private static final java.lang.String HSV_TAG
    private static final java.lang.String RGB_TAG
    private static final java.lang.String HEX_TAG
    63:64:public void setDialog(android.app.Dialog)
de.devmil.common.ui.color.HexSelectorView:
    61:62:public void setDialog(android.app.Dialog)
de.devmil.common.ui.color.HistorySelectorView:
    private static final int MAX_COLORS
de.devmil.common.ui.color.HsvSelectorView:
    121:121:public int getColor()
processing.core.PApplet:
    static final boolean DEBUG
    public int[] pixels
    public static final java.lang.String ARGS_EDITOR_LOCATION
    public static final java.lang.String ARGS_EXTERNAL
    public static final java.lang.String ARGS_LOCATION
    public static final java.lang.String ARGS_DISPLAY
    public static final java.lang.String ARGS_BGCOLOR
    public static final java.lang.String ARGS_PRESENT
    public static final java.lang.String ARGS_EXCLUSIVE
    public static final java.lang.String ARGS_STOP_COLOR
    public static final java.lang.String ARGS_HIDE_STOP
    public static final java.lang.String ARGS_SKETCH_FOLDER
    public static final java.lang.String EXTERNAL_STOP
    public static final java.lang.String EXTERNAL_MOVE
    static final java.lang.String ERROR_MIN_MAX
    java.util.Random internalRandom
    static final int PERLIN_YWRAPB
    static final int PERLIN_YWRAP
    static final int PERLIN_ZWRAPB
    static final int PERLIN_ZWRAP
    static final int PERLIN_SIZE
    int perlin_TWOPI
    int perlin_PI
    float[] perlin_cosTable
    float[] perlin
    java.util.Random perlinRandom
    volatile int requestImageCount
    protected java.lang.String[] loadShapeFormats
    protected static java.util.HashMap matchPatterns
    private static java.text.NumberFormat int_nf
    private static int int_nf_digits
    private static boolean int_nf_commas
    private static java.text.NumberFormat float_nf
    private static int float_nf_left
processing.core.PApplet$1
processing.core.PApplet$AsyncImageLoader
processing.core.PApplet$RegisteredMethods:
    1112:1129:public void add(java.lang.Object,java.lang.reflect.Method)
    1138:1150:public void remove(java.lang.Object,java.lang.reflect.Method)
    1153:1162:protected int findIndex(java.lang.Object,java.lang.reflect.Method)
processing.core.PConstants